<?xml version="1.0"?>
<testsuites>
  <testsuite name="Chrome 56.0.2924 (Windows 10 0.0.0)" package="" timestamp="2017-03-22T16:16:44" id="0" hostname="Edwin" tests="6" errors="0" failures="0" time="0.024">
    <properties>
      <property name="browser.fullName" value="Mozilla/5.0 (Windows NT 10.0; Win64; x64) AppleWebKit/537.36 (KHTML, like Gecko) Chrome/56.0.2924.87 Safari/537.36"/>
    </properties>
    <testcase name="should return a string with double quotes instead of single quotes" time="0" classname="Chrome 56.0.2924 (Windows 10 0.0.0).MutationBasedCubxStartevent #fromSimpleQuoteToDoubleQuotes"/>
    <testcase name="should dispatch event &apos;mutationBasedStart&apos;" time="0.004" classname="Chrome 56.0.2924 (Windows 10 0.0.0).MutationBasedCubxStartevent #dispatchEvent"/>
    <testcase name="should not dispatch any event and a warn should be displayed in console" time="0.004" classname="Chrome 56.0.2924 (Windows 10 0.0.0).MutationBasedCubxStartevent #dispatchEvent"/>
    <testcase name="should warn that the node was not found" time="0.004" classname="Chrome 56.0.2924 (Windows 10 0.0.0).MutationBasedCubxStartevent #_processMutation"/>
    <testcase name="should observe body and process the mutation correctly" time="0.004" classname="Chrome 56.0.2924 (Windows 10 0.0.0).MutationBasedCubxStartevent #_processMutation should process mutation correctly"/>
    <testcase name="should observe the element reached by the &apos;#observable&apos; selector and process the mutation correctly" time="0.008" classname="Chrome 56.0.2924 (Windows 10 0.0.0).MutationBasedCubxStartevent #_processMutation should process mutation correctly"/>
    <system-out><![CDATA[Chrome 56.0.2924 (Windows 10 0.0.0) LOG: 'testing...'
,Chrome 56.0.2924 (Windows 10 0.0.0) LOG: 'done'
,Chrome 56.0.2924 (Windows 10 0.0.0) WARN: 'Can't process mutation since the 'data-cubx-emit-event' attribute is undefined. Please provide a value for this attribute within the script tag.'
,Chrome 56.0.2924 (Windows 10 0.0.0) LOG: 'event dispatched'
,Chrome 56.0.2924 (Windows 10 0.0.0) WARN: 'Can't dispatch event since the attribute 'data-cubx-emit-event' is undefined.
 Please provide a value for this attribute within the script tag'
,Chrome 56.0.2924 (Windows 10 0.0.0) WARN: 'Can't process mutation since no node could be found using the '#observable' selector.
Please provide a valid css selector using the 'data-cubx-mutation-target-node' attribute within the script tag.'
,Chrome 56.0.2924 (Windows 10 0.0.0) LOG: 'event dispatched'
,Chrome 56.0.2924 (Windows 10 0.0.0) LOG: 'event dispatched'

]]></system-out>
    <system-err/>
  </testsuite>
</testsuites>
