<?xml version="1.0"?>
<testsuites>
  <testsuite name="Chrome 56.0.2924 (Windows 10 0.0.0)" package="" timestamp="2017-03-22T00:52:05" id="0" hostname="Edwin" tests="77" errors="0" failures="0" time="0.143">
    <properties>
      <property name="browser.fullName" value="Mozilla/5.0 (Windows NT 10.0; Win64; x64) AppleWebKit/537.36 (KHTML, like Gecko) Chrome/56.0.2924.87 Safari/537.36"/>
    </properties>
    <testcase name="should return the passed CRCBaseUrl" time="0.002" classname="Chrome 56.0.2924 (Windows 10 0.0.0).CRCLoader #provides init values as expected_"/>
    <testcase name="cubx.CRCInit.rootDependencies created" time="0.003" classname="Chrome 56.0.2924 (Windows 10 0.0.0).CRCLoader #_addComponentDependenciesToRootDependencies() cubx_CRCInit_rootDependencies already exists element has attribute cubx-webpackage-id=&quot;{wepackageId}&quot;"/>
    <testcase name="rootDependencies should have length=1" time="0.001" classname="Chrome 56.0.2924 (Windows 10 0.0.0).CRCLoader #_addComponentDependenciesToRootDependencies() cubx_CRCInit_rootDependencies already exists element has attribute cubx-webpackage-id=&quot;{wepackageId}&quot;"/>
    <testcase name="element dependency is in rootDependencies" time="0.002" classname="Chrome 56.0.2924 (Windows 10 0.0.0).CRCLoader #_addComponentDependenciesToRootDependencies() cubx_CRCInit_rootDependencies already exists element has attribute cubx-webpackage-id=&quot;{wepackageId}&quot;"/>
    <testcase name="cubx.CRCInit.rootDependencies created" time="0" classname="Chrome 56.0.2924 (Windows 10 0.0.0).CRCLoader #_addComponentDependenciesToRootDependencies() cubx_CRCInit_rootDependencies already exists element has attribute cubx-webpackage-id=&quot;this&quot;"/>
    <testcase name="rootDependencies should have length=1" time="0.001" classname="Chrome 56.0.2924 (Windows 10 0.0.0).CRCLoader #_addComponentDependenciesToRootDependencies() cubx_CRCInit_rootDependencies already exists element has attribute cubx-webpackage-id=&quot;this&quot;"/>
    <testcase name="element dependency is in rootDependencies" time="0.002" classname="Chrome 56.0.2924 (Windows 10 0.0.0).CRCLoader #_addComponentDependenciesToRootDependencies() cubx_CRCInit_rootDependencies already exists element has attribute cubx-webpackage-id=&quot;this&quot;"/>
    <testcase name="cubx.CRCInit.rootDependencies created" time="0" classname="Chrome 56.0.2924 (Windows 10 0.0.0).CRCLoader #_addComponentDependenciesToRootDependencies() cubx_CRCInit_rootDependencies already exists element has attributes cubx-webpackage-id=&quot;{wepackageId}&quot; and cubx-endpoint-id=&quot;{endpointId}&quot; "/>
    <testcase name="rootDependencies should have length=1" time="0.003" classname="Chrome 56.0.2924 (Windows 10 0.0.0).CRCLoader #_addComponentDependenciesToRootDependencies() cubx_CRCInit_rootDependencies already exists element has attributes cubx-webpackage-id=&quot;{wepackageId}&quot; and cubx-endpoint-id=&quot;{endpointId}&quot; "/>
    <testcase name="element dependency is in rootDependencies" time="0.001" classname="Chrome 56.0.2924 (Windows 10 0.0.0).CRCLoader #_addComponentDependenciesToRootDependencies() cubx_CRCInit_rootDependencies already exists element has attributes cubx-webpackage-id=&quot;{wepackageId}&quot; and cubx-endpoint-id=&quot;{endpointId}&quot; "/>
    <testcase name="rootDependencies should have length=1" time="0" classname="Chrome 56.0.2924 (Windows 10 0.0.0).CRCLoader #_addComponentDependenciesToRootDependencies() cubx_CRCInit_rootDependencies already exists dependency for element exists in cubx_CRCInit_rootDependencies  dependency exists with the same webpackageId"/>
    <testcase name="rootDependencies log a warning" time="0.001" classname="Chrome 56.0.2924 (Windows 10 0.0.0).CRCLoader #_addComponentDependenciesToRootDependencies() cubx_CRCInit_rootDependencies already exists dependency for element exists in cubx_CRCInit_rootDependencies  dependency exists with the same webpackageId"/>
    <testcase name="rootDependencies should have length=1" time="0" classname="Chrome 56.0.2924 (Windows 10 0.0.0).CRCLoader #_addComponentDependenciesToRootDependencies() cubx_CRCInit_rootDependencies already exists dependency for element exists in cubx_CRCInit_rootDependencies  dependency exists with other webpackageId"/>
    <testcase name="rootDependencies log a warning" time="0" classname="Chrome 56.0.2924 (Windows 10 0.0.0).CRCLoader #_addComponentDependenciesToRootDependencies() cubx_CRCInit_rootDependencies already exists dependency for element exists in cubx_CRCInit_rootDependencies  dependency exists with other webpackageId"/>
    <testcase name="rootDependencies should have length=3" time="0.001" classname="Chrome 56.0.2924 (Windows 10 0.0.0).CRCLoader #_addComponentDependenciesToRootDependencies() cubx_CRCInit_rootDependencies already exists rootDependencies has origin elements  dependency exists with the same webpackageId"/>
    <testcase name="added dependency should be the last element of the array" time="0" classname="Chrome 56.0.2924 (Windows 10 0.0.0).CRCLoader #_addComponentDependenciesToRootDependencies() cubx_CRCInit_rootDependencies already exists rootDependencies has origin elements  dependency exists with the same webpackageId"/>
    <testcase name="cubx.CRCInit.rootDependencies created" time="0.001" classname="Chrome 56.0.2924 (Windows 10 0.0.0).CRCLoader #_addComponentDependenciesToRootDependencies() cubx_CRCInit_rootDependencies not exists yet"/>
    <testcase name="rootDependencies should have length=1" time="0" classname="Chrome 56.0.2924 (Windows 10 0.0.0).CRCLoader #_addComponentDependenciesToRootDependencies() cubx_CRCInit_rootDependencies not exists yet"/>
    <testcase name="element dependency is in rootDependencies" time="0.001" classname="Chrome 56.0.2924 (Windows 10 0.0.0).CRCLoader #_addComponentDependenciesToRootDependencies() cubx_CRCInit_rootDependencies not exists yet"/>
    <testcase name="should be true" time="0" classname="Chrome 56.0.2924 (Windows 10 0.0.0).CRCLoader #_isDependencyInRootDependencies() dependency already exists in rootDepenedencies with the same webpackageId"/>
    <testcase name="should be not log warning" time="0" classname="Chrome 56.0.2924 (Windows 10 0.0.0).CRCLoader #_isDependencyInRootDependencies() dependency already exists in rootDepenedencies with the same webpackageId"/>
    <testcase name="should be true" time="0.004" classname="Chrome 56.0.2924 (Windows 10 0.0.0).CRCLoader #_isDependencyInRootDependencies() dependency already exists in rootDepenedencies with different webpacakgeId"/>
    <testcase name="should be  log warning" time="0.002" classname="Chrome 56.0.2924 (Windows 10 0.0.0).CRCLoader #_isDependencyInRootDependencies() dependency already exists in rootDepenedencies with different webpacakgeId"/>
    <testcase name="should be true" time="0" classname="Chrome 56.0.2924 (Windows 10 0.0.0).CRCLoader #_isDependencyInRootDependencies() dependency not exists yet in rootDepenedencies"/>
    <testcase name="should be not log warning" time="0" classname="Chrome 56.0.2924 (Windows 10 0.0.0).CRCLoader #_isDependencyInRootDependencies() dependency not exists yet in rootDepenedencies"/>
    <testcase name="should be the rootDependencies property created" time="0.002" classname="Chrome 56.0.2924 (Windows 10 0.0.0).CRCLoader #_checkRootDependencies() rootDependencies exists not"/>
    <testcase name="rootDependencies should be keeped" time="0.005" classname="Chrome 56.0.2924 (Windows 10 0.0.0).CRCLoader #_checkRootDependencies() root dependencie included only valid entries"/>
    <testcase name="rootDependencies should included just the object elements, the string elements will be deleted" time="0.001" classname="Chrome 56.0.2924 (Windows 10 0.0.0).CRCLoader #_checkRootDependencies() root dependencie included valid and not valid entries"/>
    <testcase name="_checkRootDependencies should be called once" time="0.006" classname="Chrome 56.0.2924 (Windows 10 0.0.0).CRCLoader processing  after start event processing will be done"/>
    <testcase name="_addComponentDependenciesToRootDependencies should be called once" time="0.006" classname="Chrome 56.0.2924 (Windows 10 0.0.0).CRCLoader processing  after start event processing will be done"/>
    <testcase name="_addDependenciesAndExcludesToRootDependencies should be called once" time="0.019" classname="Chrome 56.0.2924 (Windows 10 0.0.0).CRCLoader processing  after start event processing will be done"/>
    <testcase name="_bootstrapCRC should be called once" time="0.005" classname="Chrome 56.0.2924 (Windows 10 0.0.0).CRCLoader processing  after start event processing will be done"/>
    <testcase name="_checkRootDependencies should be called once" time="0.005" classname="Chrome 56.0.2924 (Windows 10 0.0.0).CRCLoader processing  after start event processing will be done once by repeated fired start event"/>
    <testcase name="_addComponentDependenciesToRootDependencies should be called once" time="0.005" classname="Chrome 56.0.2924 (Windows 10 0.0.0).CRCLoader processing  after start event processing will be done once by repeated fired start event"/>
    <testcase name="_addDependenciesAndExcludesToRootDependencies should be called once" time="0.006" classname="Chrome 56.0.2924 (Windows 10 0.0.0).CRCLoader processing  after start event processing will be done once by repeated fired start event"/>
    <testcase name="_bootstrapCRC should be called once" time="0.009" classname="Chrome 56.0.2924 (Windows 10 0.0.0).CRCLoader processing  after start event processing will be done once by repeated fired start event"/>
    <testcase name="should not set _crcRoot since pleaseStart event is not dispatched" time="0" classname="Chrome 56.0.2924 (Windows 10 0.0.0).CRCLoader #cubx_CRCInit_startEvent can be used to set startEvent"/>
    <testcase name="should detect that pleaseStart event is dispatched and set _crcRoot" time="0.003" classname="Chrome 56.0.2924 (Windows 10 0.0.0).CRCLoader #cubx_CRCInit_startEvent can be used to set startEvent"/>
    <testcase name="html element has &quot;cubx-webpackage-id&quot; attribute with this" time="0" classname="Chrome 56.0.2924 (Windows 10 0.0.0).CRCLoader (helpers) #_createDependency"/>
    <testcase name="html element has &quot;cubx-webpackage-id&quot; attribute with webpackageId" time="0" classname="Chrome 56.0.2924 (Windows 10 0.0.0).CRCLoader (helpers) #_createDependency"/>
    <testcase name="html element has &quot;cubx-webpackage-id&quot; attribute with webpackageId and endpointId" time="0.001" classname="Chrome 56.0.2924 (Windows 10 0.0.0).CRCLoader (helpers) #_createDependency"/>
    <testcase name="cubx.CRCInit.rootDependencies should have length = 3" time="0.001" classname="Chrome 56.0.2924 (Windows 10 0.0.0).dependencyTagTransformer #addDependenciesAndExcludesToRootDependencies crc root contains one cubbles element"/>
    <testcase name="cubx.CRCInit.rootDependencies second element should be created from the first cubx-dependency element" time="0" classname="Chrome 56.0.2924 (Windows 10 0.0.0).dependencyTagTransformer #addDependenciesAndExcludesToRootDependencies crc root contains one cubbles element"/>
    <testcase name="cubx.CRCInit.rootDependencies third element should be created from the second cubx-dependency element" time="0.003" classname="Chrome 56.0.2924 (Windows 10 0.0.0).dependencyTagTransformer #addDependenciesAndExcludesToRootDependencies crc root contains one cubbles element"/>
    <testcase name="should create and assign dependencyExcludes to rootDependencies based on existing cubx-dependency-excludes" time="0.001" classname="Chrome 56.0.2924 (Windows 10 0.0.0).dependencyTagTransformer #addDependenciesAndExcludesToRootDependencies crc root contains one cubbles element"/>
    <testcase name="cubx.CRCInit.rootDependencies should have length = 6" time="0" classname="Chrome 56.0.2924 (Windows 10 0.0.0).dependencyTagTransformer #addDependenciesAndExcludesToRootDependencies crc root contains two cubbles elements"/>
    <testcase name="cubx.CRCInit.rootDependencies third element should be created from the first cubx-dependency element" time="0.003" classname="Chrome 56.0.2924 (Windows 10 0.0.0).dependencyTagTransformer #addDependenciesAndExcludesToRootDependencies crc root contains two cubbles elements"/>
    <testcase name="cubx.CRCInit.rootDependencies forth element should be created from the second cubx-dependency element" time="0.001" classname="Chrome 56.0.2924 (Windows 10 0.0.0).dependencyTagTransformer #addDependenciesAndExcludesToRootDependencies crc root contains two cubbles elements"/>
    <testcase name="cubx.CRCInit.rootDependencies fifth element should be created from the first cubx-dependency element" time="0.001" classname="Chrome 56.0.2924 (Windows 10 0.0.0).dependencyTagTransformer #addDependenciesAndExcludesToRootDependencies crc root contains two cubbles elements"/>
    <testcase name="cubx.CRCInit.rootDependencies sixth element should be created from the second cubx-dependency element" time="0" classname="Chrome 56.0.2924 (Windows 10 0.0.0).dependencyTagTransformer #addDependenciesAndExcludesToRootDependencies crc root contains two cubbles elements"/>
    <testcase name="should create and assign dependencyExcludes to rootDependencies based on existing cubx-dependency-excludes" time="0.009" classname="Chrome 56.0.2924 (Windows 10 0.0.0).dependencyTagTransformer #addDependenciesAndExcludesToRootDependencies crc root contains two cubbles elements"/>
    <testcase name="cubx.CRCInit.rootDependencies should have not exists" time="0.001" classname="Chrome 56.0.2924 (Windows 10 0.0.0).dependencyTagTransformer #addDependenciesAndExcludesToRootDependencies crc root contains two cubbles elements, but rootDependencies is empty"/>
    <testcase name="cubx.CRCInit.rootDependencyExludes should not exist" time="0.001" classname="Chrome 56.0.2924 (Windows 10 0.0.0).dependencyTagTransformer #addDependenciesAndExcludesToRootDependencies crc root contains two cubbles elements, but rootDependencies is empty"/>
    <testcase name="should be not logged a warning if runtimeMode = prod (default)" time="0.001" classname="Chrome 56.0.2924 (Windows 10 0.0.0).dependencyTagTransformer #addDependenciesAndExcludesToRootDependencies crc root contains two cubbles elements, but rootDependencies is empty"/>
    <testcase name="should be logged a warning if runtimeMode = dev" time="0.005" classname="Chrome 56.0.2924 (Windows 10 0.0.0).dependencyTagTransformer #addDependenciesAndExcludesToRootDependencies crc root contains two cubbles elements, but rootDependencies is empty"/>
    <testcase name="should have a property &quot;dependencies with length = 2" time="0.002" classname="Chrome 56.0.2924 (Windows 10 0.0.0).dependencyTagTransformer #_findDependenciesAndExcludesInElement element contains &lt;cubx-dependencies&gt;"/>
    <testcase name="should have a property &quot;dependencies with length = 2" time="0.002" classname="Chrome 56.0.2924 (Windows 10 0.0.0).dependencyTagTransformer #_findDependenciesAndExcludesInElement element contains &lt;cubx-dependency-excludes&gt;"/>
    <testcase name="should have a property &quot;dependencies with length = 2" time="0" classname="Chrome 56.0.2924 (Windows 10 0.0.0).dependencyTagTransformer #_findDependenciesAndExcludesInElement element contains &lt;cubx-dependencies&gt; and &lt;cubx-dependency-exludes&gt;"/>
    <testcase name="should have a property &quot;dependencies with length = 2" time="0.001" classname="Chrome 56.0.2924 (Windows 10 0.0.0).dependencyTagTransformer #_findDependenciesAndExcludesInElement element contains wether &lt;cubx-dependency-excludes&gt; or &lt;cubx-dependencies&gt;"/>
    <testcase name="should results 3 elements" time="0" classname="Chrome 56.0.2924 (Windows 10 0.0.0).dependencyTagTransformer #_filterChildElements"/>
    <testcase name="all elements should be my.child.element" time="0" classname="Chrome 56.0.2924 (Windows 10 0.0.0).dependencyTagTransformer #_filterChildElements"/>
    <testcase name="the length of rootDependencies should be 4" time="0" classname="Chrome 56.0.2924 (Windows 10 0.0.0).dependencyTagTransformer #_addToCubxCRCInit add to rootDependencies rootDependencies has origin elements &lt;cubx-dependency&gt; element has attributes webpackageId, artifactId"/>
    <testcase name="the length of rootDependencies should be 3" time="0" classname="Chrome 56.0.2924 (Windows 10 0.0.0).dependencyTagTransformer #_addToCubxCRCInit add to rootDependencies rootDependencies has origin elements &lt;cubx-dependency&gt; element has attributes webpackageId, artifactId"/>
    <testcase name="the length of rootDependencies should be 4" time="0" classname="Chrome 56.0.2924 (Windows 10 0.0.0).dependencyTagTransformer #_addToCubxCRCInit add to rootDependencies rootDependencies has not origin elements &lt;cubx-dependency&gt; element has attributes webpackageId, artifactId"/>
    <testcase name="the added dependency should be the second element" time="0" classname="Chrome 56.0.2924 (Windows 10 0.0.0).dependencyTagTransformer #_addToCubxCRCInit add to rootDependencies rootDependencies has not origin elements &lt;cubx-dependency&gt; element has attributes webpackageId, artifactId"/>
    <testcase name="the length of rootDependencies should be 3" time="0.001" classname="Chrome 56.0.2924 (Windows 10 0.0.0).dependencyTagTransformer #_addToCubxCRCInit add to rootDependencies rootDependencies has not origin elements add 2 &lt;cubx-dependency&gt; elements"/>
    <testcase name="the added first dependency should be the second element" time="0.001" classname="Chrome 56.0.2924 (Windows 10 0.0.0).dependencyTagTransformer #_addToCubxCRCInit add to rootDependencies rootDependencies has not origin elements add 2 &lt;cubx-dependency&gt; elements"/>
    <testcase name="the added second dependency should be the third element" time="0" classname="Chrome 56.0.2924 (Windows 10 0.0.0).dependencyTagTransformer #_addToCubxCRCInit add to rootDependencies rootDependencies has not origin elements add 2 &lt;cubx-dependency&gt; elements"/>
    <testcase name="the length of rootDependencies should be 2" time="0" classname="Chrome 56.0.2924 (Windows 10 0.0.0).dependencyTagTransformer #_addToCubxCRCInit add to rootDependencies rootDependencies has not origin elements &lt;cubx-dependency&gt; element has just attribute artifactId"/>
    <testcase name="the added first dependency should be the second element, with webpackageId of parent cubbles element" time="0.001" classname="Chrome 56.0.2924 (Windows 10 0.0.0).dependencyTagTransformer #_addToCubxCRCInit add to rootDependencies rootDependencies has not origin elements &lt;cubx-dependency&gt; element has just attribute artifactId"/>
    <testcase name="the length of rootDependencies should be 1" time="0" classname="Chrome 56.0.2924 (Windows 10 0.0.0).dependencyTagTransformer #_addToCubxCRCInit add to rootDependencies rootDependencies has not origin elements &lt;cubx-dependency&gt; element has no attribute artifactId"/>
    <testcase name="it should be log a warning" time="0" classname="Chrome 56.0.2924 (Windows 10 0.0.0).dependencyTagTransformer #_addToCubxCRCInit add to rootDependencies rootDependencies has not origin elements &lt;cubx-dependency&gt; element has no attribute artifactId"/>
    <testcase name="should create a new dependency" time="0.001" classname="Chrome 56.0.2924 (Windows 10 0.0.0).dependencyTagTransformer #_createDependency dependency element created (element has webpackage-id and artifact-id attribute"/>
    <testcase name="should create a new dependency" time="0.001" classname="Chrome 56.0.2924 (Windows 10 0.0.0).dependencyTagTransformer #_createDependency dependency element created (element has webpackage-id=&quot;this&quot; and artifact-id attribute"/>
    <testcase name="should create a new dependency" time="0.008" classname="Chrome 56.0.2924 (Windows 10 0.0.0).dependencyTagTransformer #_createDependency dependency element created (element has just artifact-id attribute, dependency of parent element has webpackage-id attribute"/>
    <testcase name="should create a new dependency" time="0" classname="Chrome 56.0.2924 (Windows 10 0.0.0).dependencyTagTransformer #_createDependency dependency element created (element has just artifact-id attribute, dependency of parent element has not webpackage-id attribute"/>
    <testcase name="should create a new dependency" time="0" classname="Chrome 56.0.2924 (Windows 10 0.0.0).dependencyTagTransformer #_createDependency dependency element created (element has webpackage-id, artifact-id and endpoint-id attribute"/>
    <system-out><![CDATA[Chrome 56.0.2924 (Windows 10 0.0.0) LOG: 'init CRCMock'
,Chrome 56.0.2924 (Windows 10 0.0.0) LOG: 'done'
,Chrome 56.0.2924 (Windows 10 0.0.0) WARN: 'Ambiguous webpackageId definition for artifact "cubx-crcloader-test" The defined webpackageId (example@1.3.4) is inconsistent with an earlier definition of webpackageId (undefined). Use the dependency with webpackageId "xyz@1.3.4" ignore webpackageId "example@1.3.4".'
,Chrome 56.0.2924 (Windows 10 0.0.0) WARN: 'Ambiguous webpackageId definition for artifact "cubx-crcloader-test" The defined webpackageId (example@1.3.4) is inconsistent with an earlier definition of webpackageId (undefined). Use the dependency with webpackageId "xyz@1.3.4" ignore webpackageId "example@1.3.4".'
,Chrome 56.0.2924 (Windows 10 0.0.0) WARN: 'Ambiguous webpackageId definition for artifact "cubx-crcloader-test" The defined webpackageId (example@1.2.3) is inconsistent with an earlier definition of webpackageId (undefined). Use the dependency with webpackageId "xyz@123" ignore webpackageId "example@1.2.3".'
,Chrome 56.0.2924 (Windows 10 0.0.0) WARN: 'Ambiguous webpackageId definition for artifact "cubx-crcloader-test" The defined webpackageId (example@1.2.3) is inconsistent with an earlier definition of webpackageId (undefined). Use the dependency with webpackageId "xyz@123" ignore webpackageId "example@1.2.3".'
,Chrome 56.0.2924 (Windows 10 0.0.0) WARN: 'The dependency definition "other.example@1.4.5/other-artifact/main" will be removed, because it is not valid for this rte version. A valid dependency definition should be an object, and it should to have at least the attribute artifactId'
,Chrome 56.0.2924 (Windows 10 0.0.0) WARN: 'The dependency definition "this/my-comp2/main" will be removed, because it is not valid for this rte version. A valid dependency definition should be an object, and it should to have at least the attribute artifactId'
,Chrome 56.0.2924 (Windows 10 0.0.0) LOG: 'CRCLoader start bootstrap processing (dependencies etc.)'
,Chrome 56.0.2924 (Windows 10 0.0.0) LOG: 'CRCLoader start bootstrap processing (dependencies etc.)'
,Chrome 56.0.2924 (Windows 10 0.0.0) LOG: 'CRCLoader start bootstrap processing (dependencies etc.)'
,Chrome 56.0.2924 (Windows 10 0.0.0) LOG: 'CRCLoader start bootstrap processing (dependencies etc.)'
,Chrome 56.0.2924 (Windows 10 0.0.0) LOG: 'CRCLoader start bootstrap processing (dependencies etc.)'
,Chrome 56.0.2924 (Windows 10 0.0.0) LOG: 'CRCLoader start bootstrap processing (dependencies etc.)'
,Chrome 56.0.2924 (Windows 10 0.0.0) LOG: 'CRCLoader start bootstrap processing (dependencies etc.)'
,Chrome 56.0.2924 (Windows 10 0.0.0) LOG: 'CRCLoader start bootstrap processing (dependencies etc.)'
,Chrome 56.0.2924 (Windows 10 0.0.0) WARN: 'No dependencies for any components defined. It won't be searched for "cubx-dependencies" or "cubx-depenedency-excludes".'
,Chrome 56.0.2924 (Windows 10 0.0.0) ERROR: 'Missing artifactId: The artifact-id attribute is mandatory for each "cubx-dependency" element. This element will be ignored:', <cubx-dependency></cubx-dependency>
,Chrome 56.0.2924 (Windows 10 0.0.0) ERROR: 'Missing artifactId: The artifact-id attribute is mandatory for each "cubx-dependency" element. This element will be ignored:', <cubx-dependency></cubx-dependency>

]]></system-out>
    <system-err/>
  </testsuite>
  <testsuite name="Firefox 52.0.0 (Windows 10 0.0.0)" package="" timestamp="2017-03-22T00:52:16" id="0" hostname="Edwin" tests="77" errors="0" failures="0" time="0.145">
    <properties>
      <property name="browser.fullName" value="Mozilla/5.0 (Windows NT 10.0; WOW64; rv:52.0) Gecko/20100101 Firefox/52.0"/>
    </properties>
    <testcase name="html element has &quot;cubx-webpackage-id&quot; attribute with this" time="0.009" classname="Firefox 52.0.0 (Windows 10 0.0.0).CRCLoader (helpers) #_createDependency"/>
    <testcase name="html element has &quot;cubx-webpackage-id&quot; attribute with webpackageId" time="0.005" classname="Firefox 52.0.0 (Windows 10 0.0.0).CRCLoader (helpers) #_createDependency"/>
    <testcase name="html element has &quot;cubx-webpackage-id&quot; attribute with webpackageId and endpointId" time="0.005" classname="Firefox 52.0.0 (Windows 10 0.0.0).CRCLoader (helpers) #_createDependency"/>
    <testcase name="should return the passed CRCBaseUrl" time="0.001" classname="Firefox 52.0.0 (Windows 10 0.0.0).CRCLoader #provides init values as expected_"/>
    <testcase name="cubx.CRCInit.rootDependencies created" time="0.002" classname="Firefox 52.0.0 (Windows 10 0.0.0).CRCLoader #_addComponentDependenciesToRootDependencies() cubx_CRCInit_rootDependencies already exists element has attribute cubx-webpackage-id=&quot;{wepackageId}&quot;"/>
    <testcase name="rootDependencies should have length=1" time="0.006" classname="Firefox 52.0.0 (Windows 10 0.0.0).CRCLoader #_addComponentDependenciesToRootDependencies() cubx_CRCInit_rootDependencies already exists element has attribute cubx-webpackage-id=&quot;{wepackageId}&quot;"/>
    <testcase name="element dependency is in rootDependencies" time="0.004" classname="Firefox 52.0.0 (Windows 10 0.0.0).CRCLoader #_addComponentDependenciesToRootDependencies() cubx_CRCInit_rootDependencies already exists element has attribute cubx-webpackage-id=&quot;{wepackageId}&quot;"/>
    <testcase name="cubx.CRCInit.rootDependencies created" time="0" classname="Firefox 52.0.0 (Windows 10 0.0.0).CRCLoader #_addComponentDependenciesToRootDependencies() cubx_CRCInit_rootDependencies already exists element has attribute cubx-webpackage-id=&quot;this&quot;"/>
    <testcase name="rootDependencies should have length=1" time="0.002" classname="Firefox 52.0.0 (Windows 10 0.0.0).CRCLoader #_addComponentDependenciesToRootDependencies() cubx_CRCInit_rootDependencies already exists element has attribute cubx-webpackage-id=&quot;this&quot;"/>
    <testcase name="element dependency is in rootDependencies" time="0.001" classname="Firefox 52.0.0 (Windows 10 0.0.0).CRCLoader #_addComponentDependenciesToRootDependencies() cubx_CRCInit_rootDependencies already exists element has attribute cubx-webpackage-id=&quot;this&quot;"/>
    <testcase name="cubx.CRCInit.rootDependencies created" time="0.001" classname="Firefox 52.0.0 (Windows 10 0.0.0).CRCLoader #_addComponentDependenciesToRootDependencies() cubx_CRCInit_rootDependencies already exists element has attributes cubx-webpackage-id=&quot;{wepackageId}&quot; and cubx-endpoint-id=&quot;{endpointId}&quot; "/>
    <testcase name="rootDependencies should have length=1" time="0.001" classname="Firefox 52.0.0 (Windows 10 0.0.0).CRCLoader #_addComponentDependenciesToRootDependencies() cubx_CRCInit_rootDependencies already exists element has attributes cubx-webpackage-id=&quot;{wepackageId}&quot; and cubx-endpoint-id=&quot;{endpointId}&quot; "/>
    <testcase name="element dependency is in rootDependencies" time="0.001" classname="Firefox 52.0.0 (Windows 10 0.0.0).CRCLoader #_addComponentDependenciesToRootDependencies() cubx_CRCInit_rootDependencies already exists element has attributes cubx-webpackage-id=&quot;{wepackageId}&quot; and cubx-endpoint-id=&quot;{endpointId}&quot; "/>
    <testcase name="rootDependencies should have length=1" time="0" classname="Firefox 52.0.0 (Windows 10 0.0.0).CRCLoader #_addComponentDependenciesToRootDependencies() cubx_CRCInit_rootDependencies already exists dependency for element exists in cubx_CRCInit_rootDependencies  dependency exists with the same webpackageId"/>
    <testcase name="rootDependencies log a warning" time="0.001" classname="Firefox 52.0.0 (Windows 10 0.0.0).CRCLoader #_addComponentDependenciesToRootDependencies() cubx_CRCInit_rootDependencies already exists dependency for element exists in cubx_CRCInit_rootDependencies  dependency exists with the same webpackageId"/>
    <testcase name="rootDependencies should have length=1" time="0.001" classname="Firefox 52.0.0 (Windows 10 0.0.0).CRCLoader #_addComponentDependenciesToRootDependencies() cubx_CRCInit_rootDependencies already exists dependency for element exists in cubx_CRCInit_rootDependencies  dependency exists with other webpackageId"/>
    <testcase name="rootDependencies log a warning" time="0.001" classname="Firefox 52.0.0 (Windows 10 0.0.0).CRCLoader #_addComponentDependenciesToRootDependencies() cubx_CRCInit_rootDependencies already exists dependency for element exists in cubx_CRCInit_rootDependencies  dependency exists with other webpackageId"/>
    <testcase name="rootDependencies should have length=3" time="0.001" classname="Firefox 52.0.0 (Windows 10 0.0.0).CRCLoader #_addComponentDependenciesToRootDependencies() cubx_CRCInit_rootDependencies already exists rootDependencies has origin elements  dependency exists with the same webpackageId"/>
    <testcase name="added dependency should be the last element of the array" time="0.001" classname="Firefox 52.0.0 (Windows 10 0.0.0).CRCLoader #_addComponentDependenciesToRootDependencies() cubx_CRCInit_rootDependencies already exists rootDependencies has origin elements  dependency exists with the same webpackageId"/>
    <testcase name="cubx.CRCInit.rootDependencies created" time="0.001" classname="Firefox 52.0.0 (Windows 10 0.0.0).CRCLoader #_addComponentDependenciesToRootDependencies() cubx_CRCInit_rootDependencies not exists yet"/>
    <testcase name="rootDependencies should have length=1" time="0.001" classname="Firefox 52.0.0 (Windows 10 0.0.0).CRCLoader #_addComponentDependenciesToRootDependencies() cubx_CRCInit_rootDependencies not exists yet"/>
    <testcase name="element dependency is in rootDependencies" time="0.002" classname="Firefox 52.0.0 (Windows 10 0.0.0).CRCLoader #_addComponentDependenciesToRootDependencies() cubx_CRCInit_rootDependencies not exists yet"/>
    <testcase name="should be true" time="0.001" classname="Firefox 52.0.0 (Windows 10 0.0.0).CRCLoader #_isDependencyInRootDependencies() dependency already exists in rootDepenedencies with the same webpackageId"/>
    <testcase name="should be not log warning" time="0" classname="Firefox 52.0.0 (Windows 10 0.0.0).CRCLoader #_isDependencyInRootDependencies() dependency already exists in rootDepenedencies with the same webpackageId"/>
    <testcase name="should be true" time="0.005" classname="Firefox 52.0.0 (Windows 10 0.0.0).CRCLoader #_isDependencyInRootDependencies() dependency already exists in rootDepenedencies with different webpacakgeId"/>
    <testcase name="should be  log warning" time="0.003" classname="Firefox 52.0.0 (Windows 10 0.0.0).CRCLoader #_isDependencyInRootDependencies() dependency already exists in rootDepenedencies with different webpacakgeId"/>
    <testcase name="should be true" time="0" classname="Firefox 52.0.0 (Windows 10 0.0.0).CRCLoader #_isDependencyInRootDependencies() dependency not exists yet in rootDepenedencies"/>
    <testcase name="should be not log warning" time="0" classname="Firefox 52.0.0 (Windows 10 0.0.0).CRCLoader #_isDependencyInRootDependencies() dependency not exists yet in rootDepenedencies"/>
    <testcase name="should be the rootDependencies property created" time="0.001" classname="Firefox 52.0.0 (Windows 10 0.0.0).CRCLoader #_checkRootDependencies() rootDependencies exists not"/>
    <testcase name="rootDependencies should be keeped" time="0.001" classname="Firefox 52.0.0 (Windows 10 0.0.0).CRCLoader #_checkRootDependencies() root dependencie included only valid entries"/>
    <testcase name="rootDependencies should included just the object elements, the string elements will be deleted" time="0.005" classname="Firefox 52.0.0 (Windows 10 0.0.0).CRCLoader #_checkRootDependencies() root dependencie included valid and not valid entries"/>
    <testcase name="_checkRootDependencies should be called once" time="0.005" classname="Firefox 52.0.0 (Windows 10 0.0.0).CRCLoader processing  after start event processing will be done"/>
    <testcase name="_addComponentDependenciesToRootDependencies should be called once" time="0.006" classname="Firefox 52.0.0 (Windows 10 0.0.0).CRCLoader processing  after start event processing will be done"/>
    <testcase name="_addDependenciesAndExcludesToRootDependencies should be called once" time="0.005" classname="Firefox 52.0.0 (Windows 10 0.0.0).CRCLoader processing  after start event processing will be done"/>
    <testcase name="_bootstrapCRC should be called once" time="0.006" classname="Firefox 52.0.0 (Windows 10 0.0.0).CRCLoader processing  after start event processing will be done"/>
    <testcase name="_checkRootDependencies should be called once" time="0.005" classname="Firefox 52.0.0 (Windows 10 0.0.0).CRCLoader processing  after start event processing will be done once by repeated fired start event"/>
    <testcase name="_addComponentDependenciesToRootDependencies should be called once" time="0.007" classname="Firefox 52.0.0 (Windows 10 0.0.0).CRCLoader processing  after start event processing will be done once by repeated fired start event"/>
    <testcase name="_addDependenciesAndExcludesToRootDependencies should be called once" time="0.005" classname="Firefox 52.0.0 (Windows 10 0.0.0).CRCLoader processing  after start event processing will be done once by repeated fired start event"/>
    <testcase name="_bootstrapCRC should be called once" time="0.006" classname="Firefox 52.0.0 (Windows 10 0.0.0).CRCLoader processing  after start event processing will be done once by repeated fired start event"/>
    <testcase name="should not set _crcRoot since pleaseStart event is not dispatched" time="0" classname="Firefox 52.0.0 (Windows 10 0.0.0).CRCLoader #cubx_CRCInit_startEvent can be used to set startEvent"/>
    <testcase name="should detect that pleaseStart event is dispatched and set _crcRoot" time="0.001" classname="Firefox 52.0.0 (Windows 10 0.0.0).CRCLoader #cubx_CRCInit_startEvent can be used to set startEvent"/>
    <testcase name="cubx.CRCInit.rootDependencies should have length = 3" time="0" classname="Firefox 52.0.0 (Windows 10 0.0.0).dependencyTagTransformer #addDependenciesAndExcludesToRootDependencies crc root contains one cubbles element"/>
    <testcase name="cubx.CRCInit.rootDependencies second element should be created from the first cubx-dependency element" time="0" classname="Firefox 52.0.0 (Windows 10 0.0.0).dependencyTagTransformer #addDependenciesAndExcludesToRootDependencies crc root contains one cubbles element"/>
    <testcase name="cubx.CRCInit.rootDependencies third element should be created from the second cubx-dependency element" time="0" classname="Firefox 52.0.0 (Windows 10 0.0.0).dependencyTagTransformer #addDependenciesAndExcludesToRootDependencies crc root contains one cubbles element"/>
    <testcase name="should create and assign dependencyExcludes to rootDependencies based on existing cubx-dependency-excludes" time="0.002" classname="Firefox 52.0.0 (Windows 10 0.0.0).dependencyTagTransformer #addDependenciesAndExcludesToRootDependencies crc root contains one cubbles element"/>
    <testcase name="cubx.CRCInit.rootDependencies should have length = 6" time="0.001" classname="Firefox 52.0.0 (Windows 10 0.0.0).dependencyTagTransformer #addDependenciesAndExcludesToRootDependencies crc root contains two cubbles elements"/>
    <testcase name="cubx.CRCInit.rootDependencies third element should be created from the first cubx-dependency element" time="0" classname="Firefox 52.0.0 (Windows 10 0.0.0).dependencyTagTransformer #addDependenciesAndExcludesToRootDependencies crc root contains two cubbles elements"/>
    <testcase name="cubx.CRCInit.rootDependencies forth element should be created from the second cubx-dependency element" time="0" classname="Firefox 52.0.0 (Windows 10 0.0.0).dependencyTagTransformer #addDependenciesAndExcludesToRootDependencies crc root contains two cubbles elements"/>
    <testcase name="cubx.CRCInit.rootDependencies fifth element should be created from the first cubx-dependency element" time="0.001" classname="Firefox 52.0.0 (Windows 10 0.0.0).dependencyTagTransformer #addDependenciesAndExcludesToRootDependencies crc root contains two cubbles elements"/>
    <testcase name="cubx.CRCInit.rootDependencies sixth element should be created from the second cubx-dependency element" time="0" classname="Firefox 52.0.0 (Windows 10 0.0.0).dependencyTagTransformer #addDependenciesAndExcludesToRootDependencies crc root contains two cubbles elements"/>
    <testcase name="should create and assign dependencyExcludes to rootDependencies based on existing cubx-dependency-excludes" time="0.002" classname="Firefox 52.0.0 (Windows 10 0.0.0).dependencyTagTransformer #addDependenciesAndExcludesToRootDependencies crc root contains two cubbles elements"/>
    <testcase name="cubx.CRCInit.rootDependencies should have not exists" time="0" classname="Firefox 52.0.0 (Windows 10 0.0.0).dependencyTagTransformer #addDependenciesAndExcludesToRootDependencies crc root contains two cubbles elements, but rootDependencies is empty"/>
    <testcase name="cubx.CRCInit.rootDependencyExludes should not exist" time="0.001" classname="Firefox 52.0.0 (Windows 10 0.0.0).dependencyTagTransformer #addDependenciesAndExcludesToRootDependencies crc root contains two cubbles elements, but rootDependencies is empty"/>
    <testcase name="should be not logged a warning if runtimeMode = prod (default)" time="0.001" classname="Firefox 52.0.0 (Windows 10 0.0.0).dependencyTagTransformer #addDependenciesAndExcludesToRootDependencies crc root contains two cubbles elements, but rootDependencies is empty"/>
    <testcase name="should be logged a warning if runtimeMode = dev" time="0.008" classname="Firefox 52.0.0 (Windows 10 0.0.0).dependencyTagTransformer #addDependenciesAndExcludesToRootDependencies crc root contains two cubbles elements, but rootDependencies is empty"/>
    <testcase name="should have a property &quot;dependencies with length = 2" time="0.005" classname="Firefox 52.0.0 (Windows 10 0.0.0).dependencyTagTransformer #_findDependenciesAndExcludesInElement element contains &lt;cubx-dependencies&gt;"/>
    <testcase name="should have a property &quot;dependencies with length = 2" time="0.002" classname="Firefox 52.0.0 (Windows 10 0.0.0).dependencyTagTransformer #_findDependenciesAndExcludesInElement element contains &lt;cubx-dependency-excludes&gt;"/>
    <testcase name="should have a property &quot;dependencies with length = 2" time="0.001" classname="Firefox 52.0.0 (Windows 10 0.0.0).dependencyTagTransformer #_findDependenciesAndExcludesInElement element contains &lt;cubx-dependencies&gt; and &lt;cubx-dependency-exludes&gt;"/>
    <testcase name="should have a property &quot;dependencies with length = 2" time="0.001" classname="Firefox 52.0.0 (Windows 10 0.0.0).dependencyTagTransformer #_findDependenciesAndExcludesInElement element contains wether &lt;cubx-dependency-excludes&gt; or &lt;cubx-dependencies&gt;"/>
    <testcase name="should results 3 elements" time="0" classname="Firefox 52.0.0 (Windows 10 0.0.0).dependencyTagTransformer #_filterChildElements"/>
    <testcase name="all elements should be my.child.element" time="0.001" classname="Firefox 52.0.0 (Windows 10 0.0.0).dependencyTagTransformer #_filterChildElements"/>
    <testcase name="the length of rootDependencies should be 4" time="0" classname="Firefox 52.0.0 (Windows 10 0.0.0).dependencyTagTransformer #_addToCubxCRCInit add to rootDependencies rootDependencies has origin elements &lt;cubx-dependency&gt; element has attributes webpackageId, artifactId"/>
    <testcase name="the length of rootDependencies should be 3" time="0" classname="Firefox 52.0.0 (Windows 10 0.0.0).dependencyTagTransformer #_addToCubxCRCInit add to rootDependencies rootDependencies has origin elements &lt;cubx-dependency&gt; element has attributes webpackageId, artifactId"/>
    <testcase name="the length of rootDependencies should be 4" time="0" classname="Firefox 52.0.0 (Windows 10 0.0.0).dependencyTagTransformer #_addToCubxCRCInit add to rootDependencies rootDependencies has not origin elements &lt;cubx-dependency&gt; element has attributes webpackageId, artifactId"/>
    <testcase name="the added dependency should be the second element" time="0" classname="Firefox 52.0.0 (Windows 10 0.0.0).dependencyTagTransformer #_addToCubxCRCInit add to rootDependencies rootDependencies has not origin elements &lt;cubx-dependency&gt; element has attributes webpackageId, artifactId"/>
    <testcase name="the length of rootDependencies should be 3" time="0" classname="Firefox 52.0.0 (Windows 10 0.0.0).dependencyTagTransformer #_addToCubxCRCInit add to rootDependencies rootDependencies has not origin elements add 2 &lt;cubx-dependency&gt; elements"/>
    <testcase name="the added first dependency should be the second element" time="0.001" classname="Firefox 52.0.0 (Windows 10 0.0.0).dependencyTagTransformer #_addToCubxCRCInit add to rootDependencies rootDependencies has not origin elements add 2 &lt;cubx-dependency&gt; elements"/>
    <testcase name="the added second dependency should be the third element" time="0" classname="Firefox 52.0.0 (Windows 10 0.0.0).dependencyTagTransformer #_addToCubxCRCInit add to rootDependencies rootDependencies has not origin elements add 2 &lt;cubx-dependency&gt; elements"/>
    <testcase name="the length of rootDependencies should be 2" time="0" classname="Firefox 52.0.0 (Windows 10 0.0.0).dependencyTagTransformer #_addToCubxCRCInit add to rootDependencies rootDependencies has not origin elements &lt;cubx-dependency&gt; element has just attribute artifactId"/>
    <testcase name="the added first dependency should be the second element, with webpackageId of parent cubbles element" time="0" classname="Firefox 52.0.0 (Windows 10 0.0.0).dependencyTagTransformer #_addToCubxCRCInit add to rootDependencies rootDependencies has not origin elements &lt;cubx-dependency&gt; element has just attribute artifactId"/>
    <testcase name="the length of rootDependencies should be 1" time="0.001" classname="Firefox 52.0.0 (Windows 10 0.0.0).dependencyTagTransformer #_addToCubxCRCInit add to rootDependencies rootDependencies has not origin elements &lt;cubx-dependency&gt; element has no attribute artifactId"/>
    <testcase name="it should be log a warning" time="0" classname="Firefox 52.0.0 (Windows 10 0.0.0).dependencyTagTransformer #_addToCubxCRCInit add to rootDependencies rootDependencies has not origin elements &lt;cubx-dependency&gt; element has no attribute artifactId"/>
    <testcase name="should create a new dependency" time="0.001" classname="Firefox 52.0.0 (Windows 10 0.0.0).dependencyTagTransformer #_createDependency dependency element created (element has webpackage-id and artifact-id attribute"/>
    <testcase name="should create a new dependency" time="0.001" classname="Firefox 52.0.0 (Windows 10 0.0.0).dependencyTagTransformer #_createDependency dependency element created (element has webpackage-id=&quot;this&quot; and artifact-id attribute"/>
    <testcase name="should create a new dependency" time="0.001" classname="Firefox 52.0.0 (Windows 10 0.0.0).dependencyTagTransformer #_createDependency dependency element created (element has just artifact-id attribute, dependency of parent element has webpackage-id attribute"/>
    <testcase name="should create a new dependency" time="0.001" classname="Firefox 52.0.0 (Windows 10 0.0.0).dependencyTagTransformer #_createDependency dependency element created (element has just artifact-id attribute, dependency of parent element has not webpackage-id attribute"/>
    <testcase name="should create a new dependency" time="0.004" classname="Firefox 52.0.0 (Windows 10 0.0.0).dependencyTagTransformer #_createDependency dependency element created (element has webpackage-id, artifact-id and endpoint-id attribute"/>
    <system-out><![CDATA[Chrome 56.0.2924 (Windows 10 0.0.0) LOG: 'init CRCMock'
,Chrome 56.0.2924 (Windows 10 0.0.0) LOG: 'done'
,Chrome 56.0.2924 (Windows 10 0.0.0) WARN: 'Ambiguous webpackageId definition for artifact "cubx-crcloader-test" The defined webpackageId (example@1.3.4) is inconsistent with an earlier definition of webpackageId (undefined). Use the dependency with webpackageId "xyz@1.3.4" ignore webpackageId "example@1.3.4".'
,Chrome 56.0.2924 (Windows 10 0.0.0) WARN: 'Ambiguous webpackageId definition for artifact "cubx-crcloader-test" The defined webpackageId (example@1.3.4) is inconsistent with an earlier definition of webpackageId (undefined). Use the dependency with webpackageId "xyz@1.3.4" ignore webpackageId "example@1.3.4".'
,Chrome 56.0.2924 (Windows 10 0.0.0) WARN: 'Ambiguous webpackageId definition for artifact "cubx-crcloader-test" The defined webpackageId (example@1.2.3) is inconsistent with an earlier definition of webpackageId (undefined). Use the dependency with webpackageId "xyz@123" ignore webpackageId "example@1.2.3".'
,Chrome 56.0.2924 (Windows 10 0.0.0) WARN: 'Ambiguous webpackageId definition for artifact "cubx-crcloader-test" The defined webpackageId (example@1.2.3) is inconsistent with an earlier definition of webpackageId (undefined). Use the dependency with webpackageId "xyz@123" ignore webpackageId "example@1.2.3".'
,Chrome 56.0.2924 (Windows 10 0.0.0) WARN: 'The dependency definition "other.example@1.4.5/other-artifact/main" will be removed, because it is not valid for this rte version. A valid dependency definition should be an object, and it should to have at least the attribute artifactId'
,Chrome 56.0.2924 (Windows 10 0.0.0) WARN: 'The dependency definition "this/my-comp2/main" will be removed, because it is not valid for this rte version. A valid dependency definition should be an object, and it should to have at least the attribute artifactId'
,Chrome 56.0.2924 (Windows 10 0.0.0) LOG: 'CRCLoader start bootstrap processing (dependencies etc.)'
,Chrome 56.0.2924 (Windows 10 0.0.0) LOG: 'CRCLoader start bootstrap processing (dependencies etc.)'
,Chrome 56.0.2924 (Windows 10 0.0.0) LOG: 'CRCLoader start bootstrap processing (dependencies etc.)'
,Chrome 56.0.2924 (Windows 10 0.0.0) LOG: 'CRCLoader start bootstrap processing (dependencies etc.)'
,Chrome 56.0.2924 (Windows 10 0.0.0) LOG: 'CRCLoader start bootstrap processing (dependencies etc.)'
,Chrome 56.0.2924 (Windows 10 0.0.0) LOG: 'CRCLoader start bootstrap processing (dependencies etc.)'
,Chrome 56.0.2924 (Windows 10 0.0.0) LOG: 'CRCLoader start bootstrap processing (dependencies etc.)'
,Chrome 56.0.2924 (Windows 10 0.0.0) LOG: 'CRCLoader start bootstrap processing (dependencies etc.)'
,Chrome 56.0.2924 (Windows 10 0.0.0) WARN: 'No dependencies for any components defined. It won't be searched for "cubx-dependencies" or "cubx-depenedency-excludes".'
,Chrome 56.0.2924 (Windows 10 0.0.0) ERROR: 'Missing artifactId: The artifact-id attribute is mandatory for each "cubx-dependency" element. This element will be ignored:', <cubx-dependency></cubx-dependency>
,Chrome 56.0.2924 (Windows 10 0.0.0) ERROR: 'Missing artifactId: The artifact-id attribute is mandatory for each "cubx-dependency" element. This element will be ignored:', <cubx-dependency></cubx-dependency>
,Firefox 52.0.0 (Windows 10 0.0.0) LOG: 'init CRCMock'
,Firefox 52.0.0 (Windows 10 0.0.0) LOG: 'done'
,Firefox 52.0.0 (Windows 10 0.0.0) WARN: 'Ambiguous webpackageId definition for artifact "cubx-crcloader-test" The defined webpackageId (example@1.3.4) is inconsistent with an earlier definition of webpackageId (undefined). Use the dependency with webpackageId "xyz@1.3.4" ignore webpackageId "example@1.3.4".'
,Firefox 52.0.0 (Windows 10 0.0.0) WARN: 'Ambiguous webpackageId definition for artifact "cubx-crcloader-test" The defined webpackageId (example@1.3.4) is inconsistent with an earlier definition of webpackageId (undefined). Use the dependency with webpackageId "xyz@1.3.4" ignore webpackageId "example@1.3.4".'
,Firefox 52.0.0 (Windows 10 0.0.0) WARN: 'Ambiguous webpackageId definition for artifact "cubx-crcloader-test" The defined webpackageId (example@1.2.3) is inconsistent with an earlier definition of webpackageId (undefined). Use the dependency with webpackageId "xyz@123" ignore webpackageId "example@1.2.3".'
,Firefox 52.0.0 (Windows 10 0.0.0) WARN: 'Ambiguous webpackageId definition for artifact "cubx-crcloader-test" The defined webpackageId (example@1.2.3) is inconsistent with an earlier definition of webpackageId (undefined). Use the dependency with webpackageId "xyz@123" ignore webpackageId "example@1.2.3".'
,Firefox 52.0.0 (Windows 10 0.0.0) WARN: 'The dependency definition "other.example@1.4.5/other-artifact/main" will be removed, because it is not valid for this rte version. A valid dependency definition should be an object, and it should to have at least the attribute artifactId'
,Firefox 52.0.0 (Windows 10 0.0.0) WARN: 'The dependency definition "this/my-comp2/main" will be removed, because it is not valid for this rte version. A valid dependency definition should be an object, and it should to have at least the attribute artifactId'
,Firefox 52.0.0 (Windows 10 0.0.0) LOG: 'CRCLoader start bootstrap processing (dependencies etc.)'
,Firefox 52.0.0 (Windows 10 0.0.0) LOG: 'CRCLoader start bootstrap processing (dependencies etc.)'
,Firefox 52.0.0 (Windows 10 0.0.0) LOG: 'CRCLoader start bootstrap processing (dependencies etc.)'
,Firefox 52.0.0 (Windows 10 0.0.0) LOG: 'CRCLoader start bootstrap processing (dependencies etc.)'
,Firefox 52.0.0 (Windows 10 0.0.0) LOG: 'CRCLoader start bootstrap processing (dependencies etc.)'
,Firefox 52.0.0 (Windows 10 0.0.0) LOG: 'CRCLoader start bootstrap processing (dependencies etc.)'
,Firefox 52.0.0 (Windows 10 0.0.0) LOG: 'CRCLoader start bootstrap processing (dependencies etc.)'
,Firefox 52.0.0 (Windows 10 0.0.0) LOG: 'CRCLoader start bootstrap processing (dependencies etc.)'
,Firefox 52.0.0 (Windows 10 0.0.0) WARN: 'No dependencies for any components defined. It won't be searched for "cubx-dependencies" or "cubx-depenedency-excludes".'
,Firefox 52.0.0 (Windows 10 0.0.0) ERROR: 'Missing artifactId: The artifact-id attribute is mandatory for each "cubx-dependency" element. This element will be ignored:', <cubx-dependency></cubx-dependency>
,Firefox 52.0.0 (Windows 10 0.0.0) ERROR: 'Missing artifactId: The artifact-id attribute is mandatory for each "cubx-dependency" element. This element will be ignored:', <cubx-dependency></cubx-dependency>

]]></system-out>
    <system-err/>
  </testsuite>
</testsuites>
