<?xml version="1.0"?>
<testsuites>
  <testsuite name="Chrome 56.0.2924 (Windows 10 0.0.0)" package="" timestamp="2017-03-22T14:56:27" id="0" hostname="Edwin" tests="62" errors="0" failures="0" time="0.195">
    <properties>
      <property name="browser.fullName" value="Mozilla/5.0 (Windows NT 10.0; Win64; x64) AppleWebKit/537.36 (KHTML, like Gecko) Chrome/56.0.2924.87 Safari/537.36"/>
    </properties>
    <testcase name="should get the correct runtimeId for context element" time="0" classname="Chrome 56.0.2924 (Windows 10 0.0.0).DynamicConnectionUtils helper methoden #_getParentContextRuntimeId"/>
    <testcase name="should get the undefined for elements in rootcontext" time="0" classname="Chrome 56.0.2924 (Windows 10 0.0.0).DynamicConnectionUtils helper methoden #_getParentContextRuntimeId"/>
    <testcase name="should get the correct memberId " time="0" classname="Chrome 56.0.2924 (Windows 10 0.0.0).DynamicConnectionUtils helper methoden #_getMemberIdFromRuntimeId"/>
    <testcase name="should get undefined, if the element with runtimeId is in rootcontext " time="0" classname="Chrome 56.0.2924 (Windows 10 0.0.0).DynamicConnectionUtils helper methoden #_getMemberIdFromRuntimeId"/>
    <testcase name="should found the context of compElem on &quot;elem1&quot; with &quot;elem1RuntimeId&quot;" time="0" classname="Chrome 56.0.2924 (Windows 10 0.0.0).DynamicConnectionUtils helper methoden #_getParentContextForRuntimeId in a compound"/>
    <testcase name="should found the context of compElem on &quot;elem1&quot; with &quot;elem2RuntimeId&quot;" time="0" classname="Chrome 56.0.2924 (Windows 10 0.0.0).DynamicConnectionUtils helper methoden #_getParentContextForRuntimeId in a compound"/>
    <testcase name="should found the context of compElem on &quot;elem2&quot; with &quot;elem2RuntimeId&quot;" time="0" classname="Chrome 56.0.2924 (Windows 10 0.0.0).DynamicConnectionUtils helper methoden #_getParentContextForRuntimeId in a compound"/>
    <testcase name="should found the context of compElem on &quot;elem1&quot; with &quot;elem2RuntimeId&quot;" time="0" classname="Chrome 56.0.2924 (Windows 10 0.0.0).DynamicConnectionUtils helper methoden #_getParentContextForRuntimeId in a compound"/>
    <testcase name="should found the context of container on &quot;elem1&quot; with &quot;elem1RuntimeId&quot;" time="0" classname="Chrome 56.0.2924 (Windows 10 0.0.0).DynamicConnectionUtils helper methoden #_getParentContextForRuntimeId in a root"/>
    <testcase name="should found the context of container on &quot;elem1&quot; with &quot;elem2RuntimeId&quot;" time="0" classname="Chrome 56.0.2924 (Windows 10 0.0.0).DynamicConnectionUtils helper methoden #_getParentContextForRuntimeId in a root"/>
    <testcase name="should found the context of container on &quot;elem2&quot; with &quot;elem2RuntimeId&quot;" time="0" classname="Chrome 56.0.2924 (Windows 10 0.0.0).DynamicConnectionUtils helper methoden #_getParentContextForRuntimeId in a root"/>
    <testcase name="should found the context of container on &quot;elem1&quot; with &quot;elem2RuntimeId&quot;" time="0" classname="Chrome 56.0.2924 (Windows 10 0.0.0).DynamicConnectionUtils helper methoden #_getParentContextForRuntimeId in a root"/>
    <testcase name="should create a valid connection" time="0.011" classname="Chrome 56.0.2924 (Windows 10 0.0.0).DynamicConnectionUtils helper methoden #_createConnectionManagerConnectionObject called on source element"/>
    <testcase name="should create a valid connection" time="0" classname="Chrome 56.0.2924 (Windows 10 0.0.0).DynamicConnectionUtils helper methoden #_createConnectionManagerConnectionObject called on source element"/>
    <testcase name="should create a valid connection" time="0" classname="Chrome 56.0.2924 (Windows 10 0.0.0).DynamicConnectionUtils helper methoden #_createConnectionManagerConnectionObject called on destination element"/>
    <testcase name="should create a valid connection" time="0" classname="Chrome 56.0.2924 (Windows 10 0.0.0).DynamicConnectionUtils helper methoden #_createConnectionManagerConnectionObject called on destination element"/>
    <testcase name="should find the sourceElem" time="0" classname="Chrome 56.0.2924 (Windows 10 0.0.0).DynamicConnectionUtils helper methoden #_getElementForEndpoint called on sourceElem"/>
    <testcase name="should find the destElem" time="0.004" classname="Chrome 56.0.2924 (Windows 10 0.0.0).DynamicConnectionUtils helper methoden #_getElementForEndpoint called on sourceElem"/>
    <testcase name="should find the sourceElem" time="0" classname="Chrome 56.0.2924 (Windows 10 0.0.0).DynamicConnectionUtils helper methoden #_getElementForEndpoint called on destElem"/>
    <testcase name="should find the destElem" time="0" classname="Chrome 56.0.2924 (Windows 10 0.0.0).DynamicConnectionUtils helper methoden #_getElementForEndpoint called on destElem"/>
    <testcase name="should throw no exception for sourceElem" time="0" classname="Chrome 56.0.2924 (Windows 10 0.0.0).DynamicConnectionUtils helper methoden #_checkEndpointContext called on sourceElem"/>
    <testcase name="should throw no exception for destElem" time="0" classname="Chrome 56.0.2924 (Windows 10 0.0.0).DynamicConnectionUtils helper methoden #_checkEndpointContext called on sourceElem"/>
    <testcase name="should throw an exception for sourceElem" time="0.004" classname="Chrome 56.0.2924 (Windows 10 0.0.0).DynamicConnectionUtils helper methoden #_checkEndpointContext called on sourceElem"/>
    <testcase name="should throw no exception for destElem" time="0" classname="Chrome 56.0.2924 (Windows 10 0.0.0).DynamicConnectionUtils helper methoden #_checkEndpointContext called on sourceElem"/>
    <testcase name="should throw an exception for sourceElem" time="0" classname="Chrome 56.0.2924 (Windows 10 0.0.0).DynamicConnectionUtils helper methoden #_checkEndpointContext called on sourceElem"/>
    <testcase name="should throw no exception for sourceElem" time="0" classname="Chrome 56.0.2924 (Windows 10 0.0.0).DynamicConnectionUtils helper methoden #_checkEndpointContext called on destElem"/>
    <testcase name="should throw no exception for destElem" time="0" classname="Chrome 56.0.2924 (Windows 10 0.0.0).DynamicConnectionUtils helper methoden #_checkEndpointContext called on destElem"/>
    <testcase name="should throw an exception for sourceElem" time="0" classname="Chrome 56.0.2924 (Windows 10 0.0.0).DynamicConnectionUtils helper methoden #_checkEndpointContext called on destElem"/>
    <testcase name="should throw no exception for destElem" time="0" classname="Chrome 56.0.2924 (Windows 10 0.0.0).DynamicConnectionUtils helper methoden #_checkEndpointContext called on destElem"/>
    <testcase name="should throw an exception for sourceElem" time="0" classname="Chrome 56.0.2924 (Windows 10 0.0.0).DynamicConnectionUtils helper methoden #_checkEndpointContext called on destElem"/>
    <testcase name="should be throw an error, if the parameter is undefined" time="0" classname="Chrome 56.0.2924 (Windows 10 0.0.0).DynamicConnectionUtils helper methoden #_checkConnectionConfig"/>
    <testcase name="should be throw an error, if the parameter is not an object" time="0.004" classname="Chrome 56.0.2924 (Windows 10 0.0.0).DynamicConnectionUtils helper methoden #_checkConnectionConfig"/>
    <testcase name="should be throw an error, if the parameter is not a valid connection config object" time="0.004" classname="Chrome 56.0.2924 (Windows 10 0.0.0).DynamicConnectionUtils helper methoden #_checkConnectionConfig"/>
    <testcase name="should be true by  a valid connection config object" time="0" classname="Chrome 56.0.2924 (Windows 10 0.0.0).DynamicConnectionUtils helper methoden #_checkConnectionConfig"/>
    <testcase name="should be get the config paramater" time="0.004" classname="Chrome 56.0.2924 (Windows 10 0.0.0).DynamicConnectionUtils helper methoden #_identifyConnectionId connectionId is a string"/>
    <testcase name="should be generate a connectionId" time="0" classname="Chrome 56.0.2924 (Windows 10 0.0.0).DynamicConnectionUtils helper methoden #_identifyConnectionId connectionId is a valid object"/>
    <testcase name="should be throw an Error" time="0" classname="Chrome 56.0.2924 (Windows 10 0.0.0).DynamicConnectionUtils helper methoden #_identifyConnectionId connectionId is a not valid object"/>
    <testcase name="should be throw an Error" time="0.033" classname="Chrome 56.0.2924 (Windows 10 0.0.0).DynamicConnectionUtils helper methoden #_identifyConnectionId connectionId is wether string or object"/>
    <testcase name="should be get the parent context, if connectionId generated from sibling elements connection (first-compound to secod compound)" time="0.001" classname="Chrome 56.0.2924 (Windows 10 0.0.0).DynamicConnectionUtils helper methoden #_findContextByConnectionId"/>
    <testcase name="should be get the parent context, if connectionId generated from sibling elements connection(second-compound to first-compound)" time="0.001" classname="Chrome 56.0.2924 (Windows 10 0.0.0).DynamicConnectionUtils helper methoden #_findContextByConnectionId"/>
    <testcase name="should be get the parent context, if connectionId generated from child element connection(first-compound to frame-compound)" time="0" classname="Chrome 56.0.2924 (Windows 10 0.0.0).DynamicConnectionUtils helper methoden #_findContextByConnectionId"/>
    <testcase name="should be get the parent context, if connectionId generated from parent element connection (frame-compound to first-compound)" time="0" classname="Chrome 56.0.2924 (Windows 10 0.0.0).DynamicConnectionUtils helper methoden #_findContextByConnectionId"/>
    <testcase name="should get an error, if the connectionId not a valid dynamic connectionId is." time="0" classname="Chrome 56.0.2924 (Windows 10 0.0.0).DynamicConnectionUtils helper methoden #_findContextByConnectionId"/>
    <testcase name="_checkConnectionConfig should be called once" time="0.02" classname="Chrome 56.0.2924 (Windows 10 0.0.0).DynamicConnectionUtils #generateConnectionId"/>
    <testcase name="should be the base64 encoded string from both runtimeId-s and slots." time="0.004" classname="Chrome 56.0.2924 (Windows 10 0.0.0).DynamicConnectionUtils #generateConnectionId"/>
    <testcase name="should be throws an error if, connectionConfig not valid." time="0" classname="Chrome 56.0.2924 (Windows 10 0.0.0).DynamicConnectionUtils #generateConnectionId"/>
    <testcase name="should called connectionManager.addDynamicConnection method" time="0.004" classname="Chrome 56.0.2924 (Windows 10 0.0.0).DynamicConnectionUtils #importConnections import connections between elem1 and elem2, imported on elem1"/>
    <testcase name="should exist in compElem context" time="0.004" classname="Chrome 56.0.2924 (Windows 10 0.0.0).DynamicConnectionUtils #importConnections import connections between elem1 and elem2, imported on elem1"/>
    <testcase name="should exist in compElem context" time="0.001" classname="Chrome 56.0.2924 (Windows 10 0.0.0).DynamicConnectionUtils #importConnections import connections between elem1 and elem2, imported on elem3 (elem3 has the same context as elem1 and elem2)"/>
    <testcase name="should 2 connections exist in context of compElem" time="0.001" classname="Chrome 56.0.2924 (Windows 10 0.0.0).DynamicConnectionUtils #importConnections import 3 connections for 2 contexts, imported on elem1"/>
    <testcase name="should exists in context of compElem2" time="0.004" classname="Chrome 56.0.2924 (Windows 10 0.0.0).DynamicConnectionUtils #importConnections import 3 connections for 2 contexts, imported on elem1"/>
    <testcase name="should exist in compElem context" time="0" classname="Chrome 56.0.2924 (Windows 10 0.0.0).DynamicConnectionUtils #importConnections import connections between elem1 and elem2, imported on elem4 (elem4 has an other context as elem1 and elem2)"/>
    <testcase name="should log an error and not import the connection" time="0.004" classname="Chrome 56.0.2924 (Windows 10 0.0.0).DynamicConnectionUtils #importConnections import connections between elem1 and elem4, imported on elem1 (elem1 and elem4 has different contexts)"/>
    <testcase name="should not exist in any context and should log error" time="0" classname="Chrome 56.0.2924 (Windows 10 0.0.0).DynamicConnectionUtils #importConnections not import connections because context not found no context for source element"/>
    <testcase name="should not exist in any context and should log error" time="0" classname="Chrome 56.0.2924 (Windows 10 0.0.0).DynamicConnectionUtils #importConnections not import connections because context not found no context for destination element"/>
    <testcase name="should not exist in any context and should log error" time="0" classname="Chrome 56.0.2924 (Windows 10 0.0.0).DynamicConnectionUtils #importConnections not import connections because context not found no context for source and destination element"/>
    <testcase name="should called connectionManager.addDynamicConnection method" time="0" classname="Chrome 56.0.2924 (Windows 10 0.0.0).DynamicConnectionUtils #importConnections import internal connections (from compound to child element)"/>
    <testcase name="should exist in compElem context" time="0.004" classname="Chrome 56.0.2924 (Windows 10 0.0.0).DynamicConnectionUtils #importConnections import internal connections (from compound to child element)"/>
    <testcase name="should called connectionManager.addDynamicConnection method" time="0" classname="Chrome 56.0.2924 (Windows 10 0.0.0).DynamicConnectionUtils #importConnections import internal connections (from child element to compound)"/>
    <testcase name="should exist in compElem context" time="0" classname="Chrome 56.0.2924 (Windows 10 0.0.0).DynamicConnectionUtils #importConnections import internal connections (from child element to compound)"/>
    <testcase name="should called connectionManager.addDynamicConnection method" time="0.077" classname="Chrome 56.0.2924 (Windows 10 0.0.0).DynamicConnectionUtils #importConnections import connections between elem1 and elem2, imported on elem1 with directExecution"/>
    <testcase name="should exist in compElem context" time="0.006" classname="Chrome 56.0.2924 (Windows 10 0.0.0).DynamicConnectionUtils #importConnections import connections between elem1 and elem2, imported on elem1 with directExecution"/>
    <system-out><![CDATA[Chrome 56.0.2924 (Windows 10 0.0.0) ERROR: 'The connection{
  "connectionId": "Y29tLmluY293aWEuZHluYW1pYy1jb25uZWN0aW9uLXRlc3RAMS4yLjAtU05BUFNIT1QvY29tcC1lbGVtLWltcG9ydDE6Y29tLmluY293aWEuZHluYW1pYy1jb25uZWN0aW9uLXRlc3RAMS4yLjAtU05BUFNIT1QvZWxlbWVudC1vbmUtaW1wb3J0MS5tZW1iZXIxI3Nsb3RBPmNvbS5pbmNvd2lhLmR5bmFtaWMtY29ubmVjdGlvbi10ZXN0QDEuMi4wLVNOQVBTSE9UL2NvbXAtZWxlbS1pbXBvcnQyOmNvbS5pbmNvd2lhLmR5bmFtaWMtY29ubmVjdGlvbi10ZXN0QDEuMi4wLVNOQVBTSE9UL2VsZW1lbnQtZm91ci1pbXBvcnQyLm1lbWJlcjEjc2xvdEI=",
  "source": {
    "runtimeId": "com.incowia.dynamic-connection-test@1.2.0-SNAPSHOT/comp-elem-import1:com.incowia.dynamic-connection-test@1.2.0-SNAPSHOT/element-one-import1.member1",
    "slot": "slotA"
  },
  "destination": {
    "runtimeId": "com.incowia.dynamic-connection-test@1.2.0-SNAPSHOT/comp-elem-import2:com.incowia.dynamic-connection-test@1.2.0-SNAPSHOT/element-four-import2.member1",
    "slot": "slotB"
  },
  "repeatedValues": false,
  "copyValue": true,
  "hookFunction": "myFunc"
} can not be created. Ambiguous context: The source context is not the same as a the destination context. It is just allowed to create a connection in the same context.'
,Chrome 56.0.2924 (Windows 10 0.0.0) ERROR: 'The connection can not be created within the context, because no context for the element with runtimeId (com.incowia.dynamic-connection-test@1.2.0-SNAPSHOT/element-seven-import1.member4) has been found'
,Chrome 56.0.2924 (Windows 10 0.0.0) ERROR: 'The connection can not be created within the context, because no context for the element with runtimeId (com.incowia.dynamic-connection-test@1.2.0-SNAPSHOT/element-eight-import1.member4) has been found'
,Chrome 56.0.2924 (Windows 10 0.0.0) ERROR: 'The connection can not be created within the context, because no context for the element with runtimeId (com.incowia.dynamic-connection-test@1.2.0-SNAPSHOT/element-seven-import1.member4) has been found'
,Chrome 56.0.2924 (Windows 10 0.0.0) LOG: 'The connection can not be created within the context, because no context for the element with runtimeId (com.incowia.dynamic-connection-test@1.2.0-SNAPSHOT/element-seven-import1.member4) has been found'
,Chrome 56.0.2924 (Windows 10 0.0.0) ERROR: 'The connection can not be created within the context, because no context for the element with runtimeId (com.incowia.dynamic-connection-test@1.2.0-SNAPSHOT/element-seven-import1.member4) has been found'
,Chrome 56.0.2924 (Windows 10 0.0.0) ERROR: 'The connection can not be created within the context, because no context for the element with runtimeId (com.incowia.dynamic-connection-test@1.2.0-SNAPSHOT/element-eight-import1.member4) has been found'
,Chrome 56.0.2924 (Windows 10 0.0.0) ERROR: 'Error: Component with runtime-id com.incowia.dynamic-connection-test@1.2.0-SNAPSHOT/comp-elem-import1:com.incowia.dynamic-connection-test@1.2.0-SNAPSHOT/element-two-import1.member2 does not have an input slot "slotB" or no internal connection to the output slot "slotB".', {source: Object{component: <element-one-import1 runtime-id="com.incowia.dynamic-connection-test@1.2.0-SNAPSHOT/comp-elem-import1:com.incowia.dynamic-connection-test@1.2.0-SNAPSHOT/element-one-import1.member1"></element-one-import1>, memberId: 'member1', slot: 'slotA'}, destination: Object{component: <element-two-import1 runtime-id="com.incowia.dynamic-connection-test@1.2.0-SNAPSHOT/comp-elem-import1:com.incowia.dynamic-connection-test@1.2.0-SNAPSHOT/element-two-import1.member2"></element-two-import1>, memberId: 'member2', slot: 'slotB'}, hookFunction: 'myFunc', connectionId: 'Y29tLmluY293aWEuZHluYW1pYy1jb25uZWN0aW9uLXRlc3RAMS4yLjAtU05BUFNIT1QvY29tcC1lbGVtLWltcG9ydDE6Y29tLmluY293aWEuZHluYW1pYy1jb25uZWN0aW9uLXRlc3RAMS4yLjAtU05BUFNIT1QvZWxlbWVudC1vbmUtaW1wb3J0MS5tZW1iZXIxI3Nsb3RBPmNvbS5pbmNvd2lhLmR5bmFtaWMtY29ubmVjdGlvbi10ZXN0QDEuMi4wLVNOQVBTSE9UL2NvbXAtZWxlbS1pbXBvcnQxOmNvbS5pbmNvd2lhLmR5bmFtaWMtY29ubmVjdGlvbi10ZXN0QDEuMi4wLVNOQVBTSE9UL2VsZW1lbnQtdHdvLWltcG9ydDEubWVtYmVyMiNzbG90Qg==', copyValue: true, repeatedValues: false, lastValue: undefined, static: true, validate: function () { ... }, _validateSource: function () { ... }, _validateDestination: function () { ... }, _validateMemberId: function (memberId, section) { ... }, _validateSlot: function (slot, section) { ... }, _validateComponent: function (component, section) { ... }, _validateConnectionId: function () { ... }, toDynamicConnection: function () { ... }, internal: undefined}
,Chrome 56.0.2924 (Windows 10 0.0.0) ERROR: 'not valid connection', {source: Object{component: <element-one-import1 runtime-id="com.incowia.dynamic-connection-test@1.2.0-SNAPSHOT/comp-elem-import1:com.incowia.dynamic-connection-test@1.2.0-SNAPSHOT/element-one-import1.member1"></element-one-import1>, memberId: 'member1', slot: 'slotA'}, destination: Object{component: <element-two-import1 runtime-id="com.incowia.dynamic-connection-test@1.2.0-SNAPSHOT/comp-elem-import1:com.incowia.dynamic-connection-test@1.2.0-SNAPSHOT/element-two-import1.member2"></element-two-import1>, memberId: 'member2', slot: 'slotB'}, hookFunction: 'myFunc', connectionId: 'Y29tLmluY293aWEuZHluYW1pYy1jb25uZWN0aW9uLXRlc3RAMS4yLjAtU05BUFNIT1QvY29tcC1lbGVtLWltcG9ydDE6Y29tLmluY293aWEuZHluYW1pYy1jb25uZWN0aW9uLXRlc3RAMS4yLjAtU05BUFNIT1QvZWxlbWVudC1vbmUtaW1wb3J0MS5tZW1iZXIxI3Nsb3RBPmNvbS5pbmNvd2lhLmR5bmFtaWMtY29ubmVjdGlvbi10ZXN0QDEuMi4wLVNOQVBTSE9UL2NvbXAtZWxlbS1pbXBvcnQxOmNvbS5pbmNvd2lhLmR5bmFtaWMtY29ubmVjdGlvbi10ZXN0QDEuMi4wLVNOQVBTSE9UL2VsZW1lbnQtdHdvLWltcG9ydDEubWVtYmVyMiNzbG90Qg==', copyValue: true, repeatedValues: false, lastValue: undefined, static: true, validate: function () { ... }, _validateSource: function () { ... }, _validateDestination: function () { ... }, _validateMemberId: function (memberId, section) { ... }, _validateSlot: function (slot, section) { ... }, _validateComponent: function (component, section) { ... }, _validateConnectionId: function () { ... }, toDynamicConnection: function () { ... }, internal: undefined}, Object{slot: 'slotA', payload: undefined, connectionHook: 'myFunc'}
,Chrome 56.0.2924 (Windows 10 0.0.0) ERROR: 'Error: Component with runtime-id com.incowia.dynamic-connection-test@1.2.0-SNAPSHOT/comp-elem-import1:com.incowia.dynamic-connection-test@1.2.0-SNAPSHOT/element-two-import1.member2 does not have an input slot "slotB" or no internal connection to the output slot "slotB".', {source: Object{component: <element-one-import1 runtime-id="com.incowia.dynamic-connection-test@1.2.0-SNAPSHOT/comp-elem-import1:com.incowia.dynamic-connection-test@1.2.0-SNAPSHOT/element-one-import1.member1"></element-one-import1>, memberId: 'member1', slot: 'slotA'}, destination: Object{component: <element-two-import1 runtime-id="com.incowia.dynamic-connection-test@1.2.0-SNAPSHOT/comp-elem-import1:com.incowia.dynamic-connection-test@1.2.0-SNAPSHOT/element-two-import1.member2"></element-two-import1>, memberId: 'member2', slot: 'slotB'}, hookFunction: 'myFunc', connectionId: 'Y29tLmluY293aWEuZHluYW1pYy1jb25uZWN0aW9uLXRlc3RAMS4yLjAtU05BUFNIT1QvY29tcC1lbGVtLWltcG9ydDE6Y29tLmluY293aWEuZHluYW1pYy1jb25uZWN0aW9uLXRlc3RAMS4yLjAtU05BUFNIT1QvZWxlbWVudC1vbmUtaW1wb3J0MS5tZW1iZXIxI3Nsb3RBPmNvbS5pbmNvd2lhLmR5bmFtaWMtY29ubmVjdGlvbi10ZXN0QDEuMi4wLVNOQVBTSE9UL2NvbXAtZWxlbS1pbXBvcnQxOmNvbS5pbmNvd2lhLmR5bmFtaWMtY29ubmVjdGlvbi10ZXN0QDEuMi4wLVNOQVBTSE9UL2VsZW1lbnQtdHdvLWltcG9ydDEubWVtYmVyMiNzbG90Qg==', copyValue: true, repeatedValues: false, lastValue: undefined, static: true, validate: function () { ... }, _validateSource: function () { ... }, _validateDestination: function () { ... }, _validateMemberId: function (memberId, section) { ... }, _validateSlot: function (slot, section) { ... }, _validateComponent: function (component, section) { ... }, _validateConnectionId: function () { ... }, toDynamicConnection: function () { ... }, internal: undefined}
,Chrome 56.0.2924 (Windows 10 0.0.0) ERROR: 'not valid connection', {source: Object{component: <element-one-import1 runtime-id="com.incowia.dynamic-connection-test@1.2.0-SNAPSHOT/comp-elem-import1:com.incowia.dynamic-connection-test@1.2.0-SNAPSHOT/element-one-import1.member1"></element-one-import1>, memberId: 'member1', slot: 'slotA'}, destination: Object{component: <element-two-import1 runtime-id="com.incowia.dynamic-connection-test@1.2.0-SNAPSHOT/comp-elem-import1:com.incowia.dynamic-connection-test@1.2.0-SNAPSHOT/element-two-import1.member2"></element-two-import1>, memberId: 'member2', slot: 'slotB'}, hookFunction: 'myFunc', connectionId: 'Y29tLmluY293aWEuZHluYW1pYy1jb25uZWN0aW9uLXRlc3RAMS4yLjAtU05BUFNIT1QvY29tcC1lbGVtLWltcG9ydDE6Y29tLmluY293aWEuZHluYW1pYy1jb25uZWN0aW9uLXRlc3RAMS4yLjAtU05BUFNIT1QvZWxlbWVudC1vbmUtaW1wb3J0MS5tZW1iZXIxI3Nsb3RBPmNvbS5pbmNvd2lhLmR5bmFtaWMtY29ubmVjdGlvbi10ZXN0QDEuMi4wLVNOQVBTSE9UL2NvbXAtZWxlbS1pbXBvcnQxOmNvbS5pbmNvd2lhLmR5bmFtaWMtY29ubmVjdGlvbi10ZXN0QDEuMi4wLVNOQVBTSE9UL2VsZW1lbnQtdHdvLWltcG9ydDEubWVtYmVyMiNzbG90Qg==', copyValue: true, repeatedValues: false, lastValue: undefined, static: true, validate: function () { ... }, _validateSource: function () { ... }, _validateDestination: function () { ... }, _validateMemberId: function (memberId, section) { ... }, _validateSlot: function (slot, section) { ... }, _validateComponent: function (component, section) { ... }, _validateConnectionId: function () { ... }, toDynamicConnection: function () { ... }, internal: undefined}, Object{slot: 'slotA', payload: undefined, connectionHook: 'myFunc'}

]]></system-out>
    <system-err/>
  </testsuite>
</testsuites>
